==== START wo_D_AplusE (mode=A+E) 2026-04-02 01:03:38 ====
LLaVA root: /mnt/sda/*/workspace/intern/*/HiPrune_main_backup_260328_ABCDER/LLaVA
Model path: /mnt/sda/*/workspace/intern/*/models/llava-v1.5-7b
TextVQA data root: /mnt/sda/*/workspace/intern/*/FasterVLM_v99_test2/LLaVA/playground/data/eval/textvqa
Answers file: /mnt/sda/*/workspace/intern/*/HiPrune_main_backup_260328_ABCDER/LLaVA/playground/data/eval/textvqa/answers/llava-v1.5-7b_wo_D_AplusE.jsonl
GPU list: 0,1,2,3
Chunks: 4
Ablation mode: A+E

[Auto Router] Retention: 33.3% (192/576 tokens)
  Strategy: Delegate to V139-G
Average number of visual tokens: 191.0

[Auto Router] Retention: 33.3% (192/576 tokens)
  Strategy: Delegate to V139-G
Average number of visual tokens: 191.0

[Auto Router] Retention: 33.3% (192/576 tokens)
  Strategy: Delegate to V139-G
Average number of visual tokens: 191.0

[Auto Router] Retention: 33.3% (192/576 tokens)
  Strategy: Delegate to V139-G
Average number of visual tokens: 191.0
llava-v1.5-7b_wo_D_AplusE
Samples: 5000
Accuracy: 57.48%

==== END wo_D_AplusE (accuracy=57.48) 2026-04-02 01:07:10 ====
